Arguments: 
  /Users/sergelawson/.nvm/versions/node/v16.13.1/bin/node /Users/sergelawson/.nvm/versions/node/v16.13.1/bin/yarn add jest typescript @types/jest ts-jest

PATH: 
  /usr/local/opt/postgresql@12/bin:/Users/sergelawson/miniconda3/condabin:/Users/sergelawson/Library/Android/sdk/tools/bin:/Users/sergelawson/Library/Android/sdk/tools:/Users/sergelawson/Library/Android/sdk/platform-tools:/Users/sergelawson/.nvm/versions/node/v16.13.1/bin:/usr/local/bin:/usr/bin:/bin:/usr/sbin:/sbin:/usr/local/go/bin:/Library/Apple/usr/bin:/Users/sergelawson/.fig/bin:/Users/sergelawson/.local/bin

Yarn version: 
  1.22.17

Node version: 
  16.13.1

Platform: 
  darwin x64

Trace: 
  Error: ENOSPC: no space left on device, copyfile '/Users/sergelawson/Library/Caches/Yarn/v6/npm-@bcoe-v8-coverage-0.2.3-75a2e8b51cb758a7553d6804a5932d7aace75c39-integrity/node_modules/@bcoe/v8-coverage/dist/lib/clone.d.ts' -> '/Users/sergelawson/Documents/Dev/tdd/jestcc/node_modules/@bcoe/v8-coverage/dist/lib/clone.d.ts'

npm manifest: 
  {
    "name": "jestcc",
    "version": "1.0.0",
    "main": "index.js",
    "license": "MIT"
  }

yarn manifest: 
  No manifest

Lockfile: 
  No lockfile
